c:\users\akcha\downloads\vs2013\scanapihelper\x64\release\scanapihelper.pch
c:\users\akcha\downloads\vs2013\scanapihelper\x64\release\vc143.pdb
c:\users\akcha\downloads\vs2013\scanapihelper\x64\release\stdafx.obj
c:\users\akcha\downloads\vs2013\scanapihelper\x64\release\scanapihelper.obj
c:\users\akcha\downloads\vs2013\scanapihelper\x64\release\scanapiexception.obj
c:\users\akcha\downloads\vs2013\scanapihelper\x64\release\assemblyinfo.obj
c:\users\akcha\downloads\vs2013\scanapihelper\x64\release\.netframework,version=v4.7.2.assemblyattributes.obj
c:\users\akcha\downloads\vs2013\scanapihelper\x64\release\scanapihelper.dll
c:\users\akcha\downloads\vs2013\scanapihelper\x64\release\scanapihelper.pdb
c:\users\akcha\downloads\vs2013\scanapihelper\x64\release\app.res
c:\users\akcha\downloads\vs2013\scanapihelper\x64\release\scanapihelper.dll.metagen
c:\users\akcha\downloads\vs2013\scanapihelper\x64\release\scanapihelper.tlog\cl.command.1.tlog
c:\users\akcha\downloads\vs2013\scanapihelper\x64\release\scanapihelper.tlog\cl.items.tlog
c:\users\akcha\downloads\vs2013\scanapihelper\x64\release\scanapihelper.tlog\cl.read.1.tlog
c:\users\akcha\downloads\vs2013\scanapihelper\x64\release\scanapihelper.tlog\cl.write.1.tlog
c:\users\akcha\downloads\vs2013\scanapihelper\x64\release\scanapihelper.tlog\link.command.1.tlog
c:\users\akcha\downloads\vs2013\scanapihelper\x64\release\scanapihelper.tlog\link.read.1.tlog
c:\users\akcha\downloads\vs2013\scanapihelper\x64\release\scanapihelper.tlog\link.secondary.1.tlog
c:\users\akcha\downloads\vs2013\scanapihelper\x64\release\scanapihelper.tlog\link.write.1.tlog
c:\users\akcha\downloads\vs2013\scanapihelper\x64\release\scanapihelper.tlog\metagen.read.1.tlog
c:\users\akcha\downloads\vs2013\scanapihelper\x64\release\scanapihelper.tlog\metagen.write.1.tlog
c:\users\akcha\downloads\vs2013\scanapihelper\x64\release\scanapihelper.tlog\rc.command.1.tlog
c:\users\akcha\downloads\vs2013\scanapihelper\x64\release\scanapihelper.tlog\rc.read.1.tlog
c:\users\akcha\downloads\vs2013\scanapihelper\x64\release\scanapihelper.tlog\rc.write.1.tlog
